Post Shutdown:  Get http://127.0.0.1:1234/kvman/shutdown: dial tcp 127.0.0.1:1234: getsockopt: connection refused
Post Shutdown:  Get http://127.0.0.2:1234/kvman/shutdown: dial tcp 127.0.0.2:1234: getsockopt: connection refused
In backup server: server address: 127.0.0.1:1234
In backup server: backup address: 127.0.0.2:1234
Initial dump:  Get http://127.0.0.1:1234/kvman/dump: dial tcp 127.0.0.1:1234: getsockopt: connection refused
In backup server: dumping database : 0
In primary server: server address: 127.0.0.1:1234
In primary server: backup address: 127.0.0.2:1234
In backup server: dumping database : 0
In primary server: Initial Dumped data:
In primary server: dumping database : 0
In backup server: In Get, key 9 not exists
In primary server: In Get, key 9 not exists
In backup server: In Get, key 2 not exists
In primary server: In Get, key 2 not exists
false::In get, key not exists
In backup server: Inserted 8:800
In primary server: Inserted 8:800
In backup server: In Get, key 10 not exists
In backup server: In Get, key 6 not exists
true:
In primary server: In Get, key 6 not exists
In primary server: In Get, key 10 not exists
In backup server: In Get, key 3 not exists
In backup server: In Get, key 7 not exists
false::In get, key not exists
In backup server: In Get, key 5 not exists
In backup server: In Get, key 1 not exists
In backup server: In Get, key 4 not exists
In primary server: In Get, key 3 not exists
In backup server: Got 8:800
In primary server: In Get, key 4 not exists
In primary server: In Get, key 1 not exists
In primary server: In Get, key 5 not exists
In primary server: Got 8:800
true:800:
false::In get, key not exists
false::In get, key not exists
false::In get, key not exists
In backup server: Inserted 9:900
In primary server: Inserted 9:900
true:
In backup server: Inserted 5:500
In primary server: Inserted 5:500
true:
In backup server: Inserted 7:700
In primary server: Inserted 7:700
true:
In backup server: Inserted 10:1000
In primary server: Inserted 10:1000
true:
In backup server: Inserted 4:400
In primary server: Inserted 4:400
true:
In backup server: Inserted 2:200
In primary server: Inserted 2:200
true:
In backup server: Inserted 3:300
In primary server: Inserted 3:300
true:
In backup server: Inserted 1:100
In primary server: Inserted 1:100
true:
In backup server: Inserted 6:600
In primary server: Inserted 6:600
true:
In primary server: In shutdown, primary server shutdown
Post Shutdown:  Get http://127.0.0.1:1234/kvman/shutdown: dial tcp 127.0.0.1:1234: getsockopt: connection refused
In backup server: In shutdown, backup server shutdown
Post Shutdown:  Get http://127.0.0.2:1234/kvman/shutdown: EOF
